#
# A fatal error has been detected by the Java Runtime Environment:
#
#  SIGSEGV (0xb) at pc=0xb6b9fc25, pid=26396, tid=1759947584
#
# JRE version: OpenJDK Runtime Environment (7.0_65-b32) (build 1.7.0_65-b32)
# Java VM: OpenJDK Server VM (24.65-b04 mixed mode linux-x86 )
# Derivative: IcedTea 2.5.3
# Distribution: Ubuntu 12.04 LTS, package 7u71-2.5.3-0ubuntu0.12.04.1
# Problematic frame:
# V  [libjvm.so+0x4b5c25]  jni_GetObjectClass+0x85
#
# Failed to write core dump. Core dumps have been disabled. To enable core dumping, try "ulimit -c unlimited" before starting Java again
#
# If you would like to submit a bug report, please include
# instructions on how to reproduce the bug and visit:
#   http://icedtea.classpath.org/bugzilla
#

---------------  T H R E A D  ---------------

Current thread (0x0a28cc00):  JavaThread "PulseAudio Eventloop Thread" daemon [_thread_in_vm, id=26438, stack(0x68e1a000,0x68e6b000)]

siginfo:si_signo=SIGSEGV: si_errno=0, si_code=1 (SEGV_MAPERR), si_addr=0xf8b83015

Registers:
EAX=0xf8b83011, EBX=0xb70ffff4, ECX=0x696ee1b8, EDX=0xb711d22c
ESP=0x68e69a10, EBP=0x0a28cd28, ESI=0x68e69a38, EDI=0x0a28cc00
EIP=0xb6b9fc25, EFLAGS=0x00210246, CR2=0xf8b83015

Top of Stack: (sp=0x68e69a10)
0x68e69a10:   68e69a38 0a28cc00 68ad8b60 68ad6803
0x68e69a20:   00000000 00000000 0a28cc00 00000000
0x68e69a30:   b33cd3f4 b33d6e20 0a28cc00 0a28cc00
0x68e69a40:   00000010 6d300010 00000014 69117ff4
0x68e69a50:   0a28cd28 9fca9b10 69114348 6910d346
0x68e69a60:   0a28cd28 9fca9b10 0000004c 68ad6cd4
0x68e69a70:   00000000 0a10e604 000003ec 69117ff4
0x68e69a80:   0a26f988 0a26f420 0000004c 6910f973 

Instructions: (pc=0xb6b9fc25)
0xb6b9fc05:   24 18 c7 44 24 1c 00 00 00 00 85 c0 74 0c 8d 44
0xb6b9fc15:   24 18 89 04 24 e8 71 60 21 00 8b 44 24 54 8b 00
0xb6b9fc25:   8b 40 04 8b 40 40 89 2c 24 89 44 24 04 e8 49 88
0xb6b9fc35:   02 00 89 c7 8b 44 24 1c 85 c0 74 0c 8d 44 24 18 

Register to memory mapping:

EAX=0xf8b83011 is an unknown value
EBX=0xb70ffff4: <offset 0xa15ff4> in /usr/lib/jvm/java-7-openjdk-i386/jre/lib/i386/server/libjvm.so at 0xb66ea000
ECX=0x696ee1b8 is an unknown value
EDX=0xb711d22c: <offset 0xa3322c> in /usr/lib/jvm/java-7-openjdk-i386/jre/lib/i386/server/libjvm.so at 0xb66ea000
ESP=0x68e69a10 is pointing into the stack for thread: 0x0a28cc00
EBP=0x0a28cd28 is an unknown value
ESI=0x68e69a38 is pointing into the stack for thread: 0x0a28cc00
EDI=0x0a28cc00 is a thread


Stack: [0x68e1a000,0x68e6b000],  sp=0x68e69a10,  free space=318k
Native frames: (J=compiled Java code, j=interpreted, Vv=VM code, C=native code)
V  [libjvm.so+0x4b5c25]  jni_GetObjectClass+0x85

Java frames: (J=compiled Java code, j=interpreted, Vv=VM code)
j  org.classpath.icedtea.pulseaudio.EventLoop.native_iterate(I)I+0
j  org.classpath.icedtea.pulseaudio.EventLoop.run()V+30
j  java.lang.Thread.run()V+11
v  ~StubRoutines::call_stub

---------------  P R O C E S S  ---------------

Java Threads: ( => current thread )
=>0x0a28cc00 JavaThread "PulseAudio Eventloop Thread" daemon [_thread_in_vm, id=26438, stack(0x68e1a000,0x68e6b000)]
  0xb6407c00 JavaThread "DestroyJavaVM" [_thread_blocked, id=26400, stack(0xb655b000,0xb65ac000)]
  0x693c5000 JavaThread "Timer-2" [_thread_blocked, id=26419, stack(0x68f0d000,0x68f5e000)]
  0x693c3c00 JavaThread "Timer-1" [_thread_blocked, id=26418, stack(0x68f5e000,0x68faf000)]
  0x693c2c00 JavaThread "Timer-0" [_thread_blocked, id=26417, stack(0x68faf000,0x69000000)]
  0x69302c00 JavaThread "TimerQueue" daemon [_thread_blocked, id=26416, stack(0x692af000,0x69300000)]
  0x696d0400 JavaThread "AWT-EventQueue-0" [_thread_blocked, id=26415, stack(0x6950d000,0x6955e000)]
  0x696cf400 JavaThread "AWT-Shutdown" [_thread_blocked, id=26414, stack(0x6955e000,0x695af000)]
  0x696cd400 JavaThread "AWT-XAWT" daemon [_thread_in_native, id=26413, stack(0x695af000,0x69600000)]
  0x6a6b4800 JavaThread "Java2D Disposer" daemon [_thread_blocked, id=26412, stack(0x697c1000,0x69812000)]
  0x6a62d400 JavaThread "Service Thread" daemon [_thread_blocked, id=26410, stack(0x6a2ad000,0x6a2fe000)]
  0x6a62b400 JavaThread "C2 CompilerThread1" daemon [_thread_blocked, id=26409, stack(0x6a2fe000,0x6a37f000)]
  0x6a629400 JavaThread "C2 CompilerThread0" daemon [_thread_blocked, id=26408, stack(0x6a37f000,0x6a400000)]
  0x6a627c00 JavaThread "Signal Dispatcher" daemon [_thread_blocked, id=26407, stack(0x6d203000,0x6d254000)]
  0x6a614400 JavaThread "Finalizer" daemon [_thread_blocked, id=26406, stack(0x6d254000,0x6d2a5000)]
  0x6a612c00 JavaThread "Reference Handler" daemon [_thread_blocked, id=26405, stack(0x6a70a000,0x6a75b000)]

Other Threads:
  0x6a610400 VMThread [stack: 0x6a75b000,0x6a7dc000] [id=26404]
  0x6a62f000 WatcherThread [stack: 0x6a22c000,0x6a2ad000] [id=26411]

VM state:not at safepoint (normal execution)

VM Mutex/Monitor currently owned by a thread: None

Heap
 PSYoungGen      total 18432K, used 6660K [0x9ea40000, 0x9fec0000, 0xb3300000)
  eden space 15872K, 26% used [0x9ea40000,0x9ee6a270,0x9f9c0000)
  from space 2560K, 93% used [0x9fc40000,0x9fe97170,0x9fec0000)
  to   space 2560K, 0% used [0x9f9c0000,0x9f9c0000,0x9fc40000)
 ParOldGen       total 41984K, used 5974K [0x75900000, 0x78200000, 0x9ea40000)
  object space 41984K, 14% used [0x75900000,0x75ed5b68,0x78200000)
 PSPermGen       total 16384K, used 8343K [0x6d900000, 0x6e900000, 0x75900000)
  object space 16384K, 50% used [0x6d900000,0x6e125f80,0x6e900000)

Card table byte_map: [0x6d6d2000,0x6d900000] byte_map_base: 0x6d365800

Polling page: 0xb771e000

Code Cache  [0xb33cd000, 0xb360d000, 0xb63cd000)
 total_blobs=461 nmethods=222 adapters=193 free_code_cache=48363Kb largest_free_block=49486400

Compilation events (10 events):
Event: 6.470 Thread 0x6a629400  222             java.util.concurrent.locks.AbstractOwnableSynchronizer::getExclusiveOwnerThread (5 bytes)
Event: 6.470 Thread 0x6a629400 nmethod 222 0xb3420488 code [0xb3420560, 0xb34205b0]
Event: 6.481 Thread 0x6a62b400  223             java.lang.ref.Reference::<init> (7 bytes)
Event: 6.482 Thread 0x6a62b400 nmethod 223 0xb3420308 code [0xb3420400, 0xb3420450]
Event: 6.569 Thread 0x6a629400  224             java.util.concurrent.locks.AbstractQueuedSynchronizer::setState (6 bytes)
Event: 6.569 Thread 0x6a629400 nmethod 224 0xb3420188 code [0xb3420260, 0xb34202b0]
Event: 7.069 Thread 0x6a62b400  225             java.util.concurrent.locks.AbstractOwnableSynchronizer::setExclusiveOwnerThread (6 bytes)
Event: 7.070 Thread 0x6a62b400 nmethod 225 0xb3420008 code [0xb34200e0, 0xb3420130]
Event: 7.078 Thread 0x6a629400  226             java.lang.Thread::isInterrupted (6 bytes)
Event: 7.078 Thread 0x6a629400 nmethod 226 0xb341fe08 code [0xb341ff00, 0xb341ff9c]

GC Heap History (4 events):
Event: 1.374 GC heap before
{Heap before GC invocations=1 (full 0):
 PSYoungGen      total 18432K, used 14642K [0x9ea40000, 0x9fec0000, 0xb3300000)
  eden space 15872K, 92% used [0x9ea40000,0x9f88c840,0x9f9c0000)
  from space 2560K, 0% used [0x9fc40000,0x9fc40000,0x9fec0000)
  to   space 2560K, 0% used [0x9f9c0000,0x9f9c0000,0x9fc40000)
 ParOldGen       total 41984K, used 0K [0x75900000, 0x78200000, 0x9ea40000)
  object space 41984K, 0% used [0x75900000,0x75900000,0x78200000)
 PSPermGen       total 16384K, used 7432K [0x6d900000, 0x6e900000, 0x75900000)
  object space 16384K, 45% used [0x6d900000,0x6e042160,0x6e900000)
Event: 1.386 GC heap after
Heap after GC invocations=1 (full 0):
 PSYoungGen      total 18432K, used 2548K [0x9ea40000, 0x9fec0000, 0xb3300000)
  eden space 15872K, 0% used [0x9ea40000,0x9ea40000,0x9f9c0000)
  from space 2560K, 99% used [0x9f9c0000,0x9fc3d1f8,0x9fc40000)
  to   space 2560K, 0% used [0x9fc40000,0x9fc40000,0x9fec0000)
 ParOldGen       total 41984K, used 1874K [0x75900000, 0x78200000, 0x9ea40000)
  object space 41984K, 4% used [0x75900000,0x75ad4b98,0x78200000)
 PSPermGen       total 16384K, used 7432K [0x6d900000, 0x6e900000, 0x75900000)
  object space 16384K, 45% used [0x6d900000,0x6e042160,0x6e900000)
}
Event: 5.223 GC heap before
{Heap before GC invocations=2 (full 0):
 PSYoungGen      total 18432K, used 18420K [0x9ea40000, 0x9fec0000, 0xb3300000)
  eden space 15872K, 100% used [0x9ea40000,0x9f9c0000,0x9f9c0000)
  from space 2560K, 99% used [0x9f9c0000,0x9fc3d1f8,0x9fc40000)
  to   space 2560K, 0% used [0x9fc40000,0x9fc40000,0x9fec0000)
 ParOldGen       total 41984K, used 1874K [0x75900000, 0x78200000, 0x9ea40000)
  object space 41984K, 4% used [0x75900000,0x75ad4b98,0x78200000)
 PSPermGen       total 16384K, used 8341K [0x6d900000, 0x6e900000, 0x75900000)
  object space 16384K, 50% used [0x6d900000,0x6e1254a0,0x6e900000)
Event: 5.233 GC heap after
Heap after GC invocations=2 (full 0):
 PSYoungGen      total 18432K, used 2396K [0x9ea40000, 0x9fec0000, 0xb3300000)
  eden space 15872K, 0% used [0x9ea40000,0x9ea40000,0x9f9c0000)
  from space 2560K, 93% used [0x9fc40000,0x9fe97170,0x9fec0000)
  to   space 2560K, 0% used [0x9f9c0000,0x9f9c0000,0x9fc40000)
 ParOldGen       total 41984K, used 5974K [0x75900000, 0x78200000, 0x9ea40000)
  object space 41984K, 14% used [0x75900000,0x75ed5b68,0x78200000)
 PSPermGen       total 16384K, used 8341K [0x6d900000, 0x6e900000, 0x75900000)
  object space 16384K, 50% used [0x6d900000,0x6e1254a0,0x6e900000)
}

Deoptimization events (10 events):
Event: 1.346 Thread 0xb6407c00 Uncommon trap: reason=unreached action=reinterpret pc=0xb344ef00 method=java.security.AccessControlContext.optimize()Ljava/security/AccessControlContext; @ 33
Event: 1.531 Thread 0x693c8000 Uncommon trap: reason=unreached action=reinterpret pc=0xb342cbd0 method=java.util.TreeMap.put(Ljava/lang/Object;Ljava/lang/Object;)Ljava/lang/Object; @ 6
Event: 1.637 Thread 0x693c8000 Uncommon trap: reason=unreached action=reinterpret pc=0xb3446d58 method=java.util.HashMap.get(Ljava/lang/Object;)Ljava/lang/Object; @ 1
Event: 1.673 Thread 0x696d0400 Uncommon trap: reason=unreached action=reinterpret pc=0xb344fca0 method=java.awt.EventQueue.getNextEventPrivate()Ljava/awt/AWTEvent; @ 45
Event: 1.731 Thread 0x693c8000 Uncommon trap: reason=class_check action=maybe_recompile pc=0xb3459c74 method=java.io.BufferedInputStream.read([BII)I @ 101
Event: 2.701 Thread 0x696cd400 Uncommon trap: reason=class_check action=maybe_recompile pc=0xb3441820 method=java.util.Hashtable.put(Ljava/lang/Object;Ljava/lang/Object;)Ljava/lang/Object; @ 61
Event: 2.702 Thread 0x696cd400 Uncommon trap: reason=class_check action=maybe_recompile pc=0xb3441820 method=java.util.Hashtable.put(Ljava/lang/Object;Ljava/lang/Object;)Ljava/lang/Object; @ 61
Event: 2.702 Thread 0x696cd400 Uncommon trap: reason=class_check action=maybe_recompile pc=0xb3441820 method=java.util.Hashtable.put(Ljava/lang/Object;Ljava/lang/Object;)Ljava/lang/Object; @ 61
Event: 2.702 Thread 0x696cd400 Uncommon trap: reason=class_check action=maybe_recompile pc=0xb3441820 method=java.util.Hashtable.put(Ljava/lang/Object;Ljava/lang/Object;)Ljava/lang/Object; @ 61
Event: 2.770 Thread 0x0a22ec00 Uncommon trap: reason=class_check action=maybe_recompile pc=0xb3459c74 method=java.io.BufferedInputStream.read([BII)I @ 101

Internal exceptions (10 events):
Event: 1.685 Thread 0x693c8000 Threw 0x9f3cf1b0 at /build/buildd/openjdk-7-7u71-2.5.3/build/openjdk/hotspot/src/share/vm/prims/jvm.cpp:1284
Event: 1.685 Thread 0x693c8000 Threw 0x9f3d0e58 at /build/buildd/openjdk-7-7u71-2.5.3/build/openjdk/hotspot/src/share/vm/prims/jvm.cpp:1284
Event: 1.685 Thread 0x693c8000 Threw 0x9f3d4448 at /build/buildd/openjdk-7-7u71-2.5.3/build/openjdk/hotspot/src/share/vm/prims/jvm.cpp:1284
Event: 1.685 Thread 0x693c8000 Threw 0x9f3d61e8 at /build/buildd/openjdk-7-7u71-2.5.3/build/openjdk/hotspot/src/share/vm/prims/jvm.cpp:1284
Event: 1.745 Thread 0x693c2c00 Threw 0x9f49b008 at /build/buildd/openjdk-7-7u71-2.5.3/build/openjdk/hotspot/src/share/vm/prims/jvm.cpp:1284
Event: 1.822 Thread 0x693c8000 Threw 0x9f5b9610 at /build/buildd/openjdk-7-7u71-2.5.3/build/openjdk/hotspot/src/share/vm/runtime/objectMonitor.cpp:1648
Event: 1.823 Thread 0x693c8000 Threw 0x9f5b9c30 at /build/buildd/openjdk-7-7u71-2.5.3/build/openjdk/hotspot/src/share/vm/runtime/objectMonitor.cpp:1463
Event: 1.838 Thread 0x693c8000 Threw 0x9f607a70 at /build/buildd/openjdk-7-7u71-2.5.3/build/openjdk/hotspot/src/share/vm/prims/jvm.cpp:1284
Event: 2.703 Thread 0x696d0400 Threw 0x9f6162e0 at /build/buildd/openjdk-7-7u71-2.5.3/build/openjdk/hotspot/src/share/vm/prims/jvm.cpp:1284
Event: 2.769 Thread 0x693c5000 Threw 0x9f641888 at /build/buildd/openjdk-7-7u71-2.5.3/build/openjdk/hotspot/src/share/vm/prims/jvm.cpp:1284

Events (10 events):
Event: 2.817 loading class 0x6a67ee08 done
Event: 3.058 Thread 0x693c8000 Thread exited: 0x693c8000
Event: 3.102 Thread 0x0a270800 Thread exited: 0x0a270800
Event: 3.102 Thread 0x0a22ec00 Thread exited: 0x0a22ec00
Event: 3.172 Thread 0x0a271000 Thread exited: 0x0a271000
Event: 4.114 Executing VM operation: EnableBiasedLocking
Event: 4.115 Executing VM operation: EnableBiasedLocking done
Event: 5.223 Executing VM operation: ParallelGCFailedAllocation
Event: 5.233 Executing VM operation: ParallelGCFailedAllocation done
Event: 6.411 Thread 0x6a62b400 flushing nmethod 0xb341f788


Dynamic libraries:
08048000-08049000 r-xp 00000000 08:01 10626133   /usr/lib/jvm/java-7-openjdk-i386/jre/bin/java
08049000-0804a000 r--p 00000000 08:01 10626133   /usr/lib/jvm/java-7-openjdk-i386/jre/bin/java
0804a000-0804b000 rw-p 00001000 08:01 10626133   /usr/lib/jvm/java-7-openjdk-i386/jre/bin/java
09fb2000-0a60c000 rw-p 00000000 00:00 0          [heap]
63ced000-63f00000 rw-p 00000000 00:00 0 
63f00000-63fc0000 rw-p 00000000 00:00 0 
63fc0000-64000000 ---p 00000000 00:00 0 
64003000-64006000 ---p 00000000 00:00 0 
64006000-64054000 rw-p 00000000 00:00 0 
64054000-64055000 ---p 00000000 00:00 0 
64055000-64855000 rw-p 00000000 00:00 0 
64855000-68856000 rw-s 00000000 00:12 805475     /run/shm/pulse-shm-2730558244
68856000-6887f000 r-xp 00000000 08:01 3937270    /usr/lib/i386-linux-gnu/libvorbis.so.0.4.5
6887f000-68880000 r--p 00028000 08:01 3937270    /usr/lib/i386-linux-gnu/libvorbis.so.0.4.5
68880000-68881000 rw-p 00029000 08:01 3937270    /usr/lib/i386-linux-gnu/libvorbis.so.0.4.5
68881000-689e7000 r-xp 00000000 08:01 3937272    /usr/lib/i386-linux-gnu/libvorbisenc.so.2.0.8
689e7000-689f8000 r--p 00165000 08:01 3937272    /usr/lib/i386-linux-gnu/libvorbisenc.so.2.0.8
689f8000-689f9000 rw-p 00176000 08:01 3937272    /usr/lib/i386-linux-gnu/libvorbisenc.so.2.0.8
689f9000-68a45000 r-xp 00000000 08:01 3932739    /usr/lib/i386-linux-gnu/libFLAC.so.8.2.0
68a45000-68a46000 r--p 0004b000 08:01 3932739    /usr/lib/i386-linux-gnu/libFLAC.so.8.2.0
68a46000-68a47000 rw-p 0004c000 08:01 3932739    /usr/lib/i386-linux-gnu/libFLAC.so.8.2.0
68a47000-68ab3000 r-xp 00000000 08:01 3937207    /usr/lib/i386-linux-gnu/libsndfile.so.1.0.25
68ab3000-68ab4000 r--p 0006c000 08:01 3937207    /usr/lib/i386-linux-gnu/libsndfile.so.1.0.25
68ab4000-68ab5000 rw-p 0006d000 08:01 3937207    /usr/lib/i386-linux-gnu/libsndfile.so.1.0.25
68ab5000-68ab9000 rw-p 00000000 00:00 0 
68ab9000-68b1c000 r-xp 00000000 08:01 3933695    /usr/lib/i386-linux-gnu/libpulsecommon-1.1.so
68b1c000-68b1d000 r--p 00062000 08:01 3933695    /usr/lib/i386-linux-gnu/libpulsecommon-1.1.so
68b1d000-68b1e000 rw-p 00063000 08:01 3933695    /usr/lib/i386-linux-gnu/libpulsecommon-1.1.so
68b1e000-68b6a000 r-xp 00000000 08:01 3933455    /usr/lib/i386-linux-gnu/libpulse.so.0.13.5
68b6a000-68b6b000 r--p 0004b000 08:01 3933455    /usr/lib/i386-linux-gnu/libpulse.so.0.13.5
68b6b000-68b6c000 rw-p 0004c000 08:01 3933455    /usr/lib/i386-linux-gnu/libpulse.so.0.13.5
68b6c000-68c59000 r-xp 00000000 08:01 3933138    /usr/lib/i386-linux-gnu/libasound.so.2.0.0
68c59000-68c5d000 r--p 000ec000 08:01 3933138    /usr/lib/i386-linux-gnu/libasound.so.2.0.0
68c5d000-68c5e000 rw-p 000f0000 08:01 3933138    /usr/lib/i386-linux-gnu/libasound.so.2.0.0
68c5e000-68c61000 ---p 00000000 00:00 0 
68c61000-68caf000 rw-p 00000000 00:00 0 
68caf000-68cb2000 ---p 00000000 00:00 0 
68cb2000-68d00000 rw-p 00000000 00:00 0 
68d00000-68dfb000 rw-p 00000000 00:00 0 
68dfb000-68e00000 ---p 00000000 00:00 0 
68e0b000-68e11000 r-xp 00000000 08:01 3937112    /usr/lib/i386-linux-gnu/libogg.so.0.7.1
68e11000-68e12000 r--p 00005000 08:01 3937112    /usr/lib/i386-linux-gnu/libogg.so.0.7.1
68e12000-68e13000 rw-p 00006000 08:01 3937112    /usr/lib/i386-linux-gnu/libogg.so.0.7.1
68e13000-68e18000 r-xp 00000000 08:01 3936759    /usr/lib/i386-linux-gnu/libasyncns.so.0.3.1
68e18000-68e19000 r--p 00004000 08:01 3936759    /usr/lib/i386-linux-gnu/libasyncns.so.0.3.1
68e19000-68e1a000 rw-p 00005000 08:01 3936759    /usr/lib/i386-linux-gnu/libasyncns.so.0.3.1
68e1a000-68e1d000 ---p 00000000 00:00 0 
68e1d000-68e6b000 rw-p 00000000 00:00 0 
68e6b000-68e6e000 ---p 00000000 00:00 0 
68e6e000-68ebc000 rw-p 00000000 00:00 0 
68ebc000-68ebf000 ---p 00000000 00:00 0 
68ebf000-68f0d000 rw-p 00000000 00:00 0 
68f0d000-68f10000 ---p 00000000 00:00 0 
68f10000-68f5e000 rw-p 00000000 00:00 0 
68f5e000-68f61000 ---p 00000000 00:00 0 
68f61000-68faf000 rw-p 00000000 00:00 0 
68faf000-68fb2000 ---p 00000000 00:00 0 
68fb2000-69000000 rw-p 00000000 00:00 0 
69000000-6905a000 rw-p 00000000 00:00 0 
6905a000-69100000 ---p 00000000 00:00 0 
6910a000-69117000 r-xp 00000000 08:01 8923684    /usr/lib/jvm/java-7-openjdk-i386/jre/lib/i386/libicedtea-sound.so
69117000-69118000 r--p 0000c000 08:01 8923684    /usr/lib/jvm/java-7-openjdk-i386/jre/lib/i386/libicedtea-sound.so
69118000-69119000 rw-p 0000d000 08:01 8923684    /usr/lib/jvm/java-7-openjdk-i386/jre/lib/i386/libicedtea-sound.so
69119000-69120000 r--s 00000000 08:01 3961228    /usr/lib/i386-linux-gnu/gconv/gconv-modules.cache
69120000-692af000 rw-s 00000000 00:04 282427406  /SYSV00000000 (deleted)
692af000-692b2000 ---p 00000000 00:00 0 
692b2000-69300000 rw-p 00000000 00:00 0 
69300000-693d9000 rw-p 00000000 00:00 0 
693d9000-69400000 ---p 00000000 00:00 0 
69400000-694f5000 rw-p 00000000 00:00 0 
694f5000-69500000 ---p 00000000 00:00 0 
69503000-6950b000 r-xp 00000000 08:01 9700364    /lib/i386-linux-gnu/libwrap.so.0.7.6
6950b000-6950c000 r--p 00007000 08:01 9700364    /lib/i386-linux-gnu/libwrap.so.0.7.6
6950c000-6950d000 rw-p 00008000 08:01 9700364    /lib/i386-linux-gnu/libwrap.so.0.7.6
6950d000-69510000 ---p 00000000 00:00 0 
69510000-6955e000 rw-p 00000000 00:00 0 
6955e000-69561000 ---p 00000000 00:00 0 
69561000-695af000 rw-p 00000000 00:00 0 
695af000-695b2000 ---p 00000000 00:00 0 
695b2000-69600000 rw-p 00000000 00:00 0 
69600000-69700000 rw-p 00000000 00:00 0 
69702000-6970b000 r-xp 00000000 08:01 3939770    /usr/lib/i386-linux-gnu/libXcursor.so.1.0.2
6970b000-6970c000 r--p 00008000 08:01 3939770    /usr/lib/i386-linux-gnu/libXcursor.so.1.0.2
6970c000-6970d000 rw-p 00009000 08:01 3939770    /usr/lib/i386-linux-gnu/libXcursor.so.1.0.2
6970d000-69714000 r-xp 00000000 08:01 3940065    /usr/lib/i386-linux-gnu/libjson.so.0.0.1
69714000-69715000 r--p 00006000 08:01 3940065    /usr/lib/i386-linux-gnu/libjson.so.0.0.1
69715000-69716000 rw-p 00007000 08:01 3940065    /usr/lib/i386-linux-gnu/libjson.so.0.0.1
69716000-69726000 r-xp 00000000 08:01 8921588    /usr/lib/jvm/java-7-openjdk-i386/jre/lib/i386/libjsoundalsa.so
69726000-69727000 r--p 0000f000 08:01 8921588    /usr/lib/jvm/java-7-openjdk-i386/jre/lib/i386/libjsoundalsa.so
69727000-69728000 rw-p 00010000 08:01 8921588    /usr/lib/jvm/java-7-openjdk-i386/jre/lib/i386/libjsoundalsa.so
69728000-69740000 r--s 00000000 08:01 4850787    /usr/share/fonts/type1/gsfonts/n022003l.pfb
69740000-69751000 r-xp 00000000 08:01 8923691    /usr/lib/jvm/java-7-openjdk-i386/jre/lib/i386/libnio.so
69751000-69752000 r--p 00010000 08:01 8923691    /usr/lib/jvm/java-7-openjdk-i386/jre/lib/i386/libnio.so
69752000-69753000 rw-p 00011000 08:01 8923691    /usr/lib/jvm/java-7-openjdk-i386/jre/lib/i386/libnio.so
69753000-6976a000 r-xp 00000000 08:01 8923692    /usr/lib/jvm/java-7-openjdk-i386/jre/lib/i386/libnet.so
6976a000-6976b000 r--p 00016000 08:01 8923692    /usr/lib/jvm/java-7-openjdk-i386/jre/lib/i386/libnet.so
6976b000-6976c000 rw-p 00017000 08:01 8923692    /usr/lib/jvm/java-7-openjdk-i386/jre/lib/i386/libnet.so
6976c000-697be000 r-xp 00000000 08:01 8923688    /usr/lib/jvm/java-7-openjdk-i386/jre/lib/i386/libfontmanager.so
697be000-697c0000 r--p 00051000 08:01 8923688    /usr/lib/jvm/java-7-openjdk-i386/jre/lib/i386/libfontmanager.so
697c0000-697c1000 rw-p 00053000 08:01 8923688    /usr/lib/jvm/java-7-openjdk-i386/jre/lib/i386/libfontmanager.so
697c1000-697c4000 ---p 00000000 00:00 0 
697c4000-69812000 rw-p 00000000 00:00 0 
69812000-69815000 r-xp 00000000 08:01 9700282    /lib/i386-linux-gnu/libgpg-error.so.0.8.0
69815000-69816000 r--p 00002000 08:01 9700282    /lib/i386-linux-gnu/libgpg-error.so.0.8.0
69816000-69817000 rw-p 00003000 08:01 9700282    /lib/i386-linux-gnu/libgpg-error.so.0.8.0
69817000-69819000 r-xp 00000000 08:01 9700286    /lib/i386-linux-gnu/libkeyutils.so.1.4
69819000-6981a000 r--p 00002000 08:01 9700286    /lib/i386-linux-gnu/libkeyutils.so.1.4
6981a000-6981b000 rw-p 00003000 08:01 9700286    /lib/i386-linux-gnu/libkeyutils.so.1.4
6981b000-69855000 r-xp 00000000 08:01 9700328    /lib/i386-linux-gnu/libpcre.so.3.12.1
69855000-69856000 r--p 00039000 08:01 9700328    /lib/i386-linux-gnu/libpcre.so.3.12.1
69856000-69857000 rw-p 0003a000 08:01 9700328    /lib/i386-linux-gnu/libpcre.so.3.12.1
69857000-6989e000 r-xp 00000000 08:01 9706427    /lib/i386-linux-gnu/libdbus-1.so.3.5.8
6989e000-6989f000 ---p 00047000 08:01 9706427    /lib/i386-linux-gnu/libdbus-1.so.3.5.8
6989f000-698a0000 r--p 00047000 08:01 9706427    /lib/i386-linux-gnu/libdbus-1.so.3.5.8
698a0000-698a1000 rw-p 00048000 08:01 9706427    /lib/i386-linux-gnu/libdbus-1.so.3.5.8
698a1000-698b1000 r-xp 00000000 08:01 3937118    /usr/lib/i386-linux-gnu/libp11-kit.so.0.0.0
698b1000-698b2000 r--p 0000f000 08:01 3937118    /usr/lib/i386-linux-gnu/libp11-kit.so.0.0.0
698b2000-698b3000 rw-p 00010000 08:01 3937118    /usr/lib/i386-linux-gnu/libp11-kit.so.0.0.0
698b3000-69935000 r-xp 00000000 08:01 9705115    /lib/i386-linux-gnu/libgcrypt.so.11.7.0
69935000-69936000 ---p 00082000 08:01 9705115    /lib/i386-linux-gnu/libgcrypt.so.11.7.0
69936000-69937000 r--p 00082000 08:01 9705115    /lib/i386-linux-gnu/libgcrypt.so.11.7.0
69937000-69939000 rw-p 00083000 08:01 9705115    /lib/i386-linux-gnu/libgcrypt.so.11.7.0
69939000-69949000 r-xp 00000000 08:01 3932727    /usr/lib/i386-linux-gnu/libtasn1.so.3.1.12
69949000-6994a000 r--p 0000f000 08:01 3932727    /usr/lib/i386-linux-gnu/libtasn1.so.3.1.12
6994a000-6994b000 rw-p 00010000 08:01 3932727    /usr/lib/i386-linux-gnu/libtasn1.so.3.1.12
6994b000-69952000 r-xp 00000000 08:01 3935408    /usr/lib/i386-linux-gnu/libkrb5support.so.0.1
69952000-69953000 r--p 00006000 08:01 3935408    /usr/lib/i386-linux-gnu/libkrb5support.so.0.1
69953000-69954000 rw-p 00007000 08:01 3935408    /usr/lib/i386-linux-gnu/libkrb5support.so.0.1
69954000-69957000 r-xp 00000000 08:01 9700262    /lib/i386-linux-gnu/libcom_err.so.2.1
69957000-69958000 r--p 00002000 08:01 9700262    /lib/i386-linux-gnu/libcom_err.so.2.1
69958000-69959000 rw-p 00003000 08:01 9700262    /lib/i386-linux-gnu/libcom_err.so.2.1
69959000-6997f000 r-xp 00000000 08:01 3953637    /usr/lib/i386-linux-gnu/libk5crypto.so.3.1
6997f000-69980000 r--p 00025000 08:01 3953637    /usr/lib/i386-linux-gnu/libk5crypto.so.3.1
69980000-69981000 rw-p 00026000 08:01 3953637    /usr/lib/i386-linux-gnu/libk5crypto.so.3.1
69981000-69a49000 r-xp 00000000 08:01 3935373    /usr/lib/i386-linux-gnu/libkrb5.so.3.3
69a49000-69a4f000 r--p 000c7000 08:01 3935373    /usr/lib/i386-linux-gnu/libkrb5.so.3.3
69a4f000-69a50000 rw-p 000cd000 08:01 3935373    /usr/lib/i386-linux-gnu/libkrb5.so.3.3
69a50000-69a55000 r-xp 00000000 08:01 3936713    /usr/lib/i386-linux-gnu/libXdmcp.so.6.0.0
69a55000-69a56000 r--p 00004000 08:01 3936713    /usr/lib/i386-linux-gnu/libXdmcp.so.6.0.0
69a56000-69a57000 rw-p 00005000 08:01 3936713    /usr/lib/i386-linux-gnu/libXdmcp.so.6.0.0
69a57000-69a59000 r-xp 00000000 08:01 3936702    /usr/lib/i386-linux-gnu/libXau.so.6.0.0
69a59000-69a5a000 r--p 00001000 08:01 3936702    /usr/lib/i386-linux-gnu/libXau.so.6.0.0
69a5a000-69a5b000 rw-p 00002000 08:01 3936702    /usr/lib/i386-linux-gnu/libXau.so.6.0.0
69a5b000-69a60000 r-xp 00000000 08:01 3936887    /usr/lib/i386-linux-gnu/libffi.so.6.0.0
69a60000-69a61000 r--p 00004000 08:01 3936887    /usr/lib/i386-linux-gnu/libffi.so.6.0.0
69a61000-69a62000 rw-p 00005000 08:01 3936887    /usr/lib/i386-linux-gnu/libffi.so.6.0.0
69a62000-69a75000 r-xp 00000000 08:01 9706379    /lib/i386-linux-gnu/libresolv-2.15.so
69a75000-69a76000 ---p 00013000 08:01 9706379    /lib/i386-linux-gnu/libresolv-2.15.so
69a76000-69a77000 r--p 00013000 08:01 9706379    /lib/i386-linux-gnu/libresolv-2.15.so
69a77000-69a78000 rw-p 00014000 08:01 9706379    /lib/i386-linux-gnu/libresolv-2.15.so
69a78000-69a7a000 rw-p 00000000 00:00 0 
69a7a000-69a97000 r-xp 00000000 08:01 9700343    /lib/i386-linux-gnu/libselinux.so.1
69a97000-69a98000 r--p 0001c000 08:01 9700343    /lib/i386-linux-gnu/libselinux.so.1
69a98000-69a99000 rw-p 0001d000 08:01 9700343    /lib/i386-linux-gnu/libselinux.so.1
69a99000-69a9c000 r-xp 00000000 08:01 3934685    /usr/lib/i386-linux-gnu/libgmodule-2.0.so.0.3200.4
69a9c000-69a9d000 r--p 00002000 08:01 3934685    /usr/lib/i386-linux-gnu/libgmodule-2.0.so.0.3200.4
69a9d000-69a9e000 rw-p 00003000 08:01 3934685    /usr/lib/i386-linux-gnu/libgmodule-2.0.so.0.3200.4
69a9e000-69b95000 r-xp 00000000 08:01 9705889    /lib/i386-linux-gnu/libglib-2.0.so.0.3200.4
69b95000-69b96000 r--p 000f6000 08:01 9705889    /lib/i386-linux-gnu/libglib-2.0.so.0.3200.4
69b96000-69b97000 rw-p 000f7000 08:01 9705889    /lib/i386-linux-gnu/libglib-2.0.so.0.3200.4
69b97000-69bbd000 r-xp 00000000 08:01 9704348    /lib/i386-linux-gnu/libexpat.so.1.5.2
69bbd000-69bbe000 ---p 00026000 08:01 9704348    /lib/i386-linux-gnu/libexpat.so.1.5.2
69bbe000-69bc0000 r--p 00026000 08:01 9704348    /lib/i386-linux-gnu/libexpat.so.1.5.2
69bc0000-69bc1000 rw-p 00028000 08:01 9704348    /lib/i386-linux-gnu/libexpat.so.1.5.2
69bc1000-69c56000 r-xp 00000000 08:01 3938554    /usr/lib/i386-linux-gnu/libfreetype.so.6.8.0
69c56000-69c5a000 r--p 00094000 08:01 3938554    /usr/lib/i386-linux-gnu/libfreetype.so.6.8.0
69c5a000-69c5b000 rw-p 00098000 08:01 3938554    /usr/lib/i386-linux-gnu/libfreetype.so.6.8.0
69c5b000-69c6b000 r-xp 00000000 08:01 3933787    /usr/lib/i386-linux-gnu/libavahi-client.so.3.2.9
69c6b000-69c6c000 r--p 0000f000 08:01 3933787    /usr/lib/i386-linux-gnu/libavahi-client.so.3.2.9
69c6c000-69c6d000 rw-p 00010000 08:01 3933787    /usr/lib/i386-linux-gnu/libavahi-client.so.3.2.9
69c6d000-69c79000 r-xp 00000000 08:01 3933577    /usr/lib/i386-linux-gnu/libavahi-common.so.3.5.3
69c79000-69c7a000 r--p 0000b000 08:01 3933577    /usr/lib/i386-linux-gnu/libavahi-common.so.3.5.3
69c7a000-69c7b000 rw-p 0000c000 08:01 3933577    /usr/lib/i386-linux-gnu/libavahi-common.so.3.5.3
69c7b000-69d3a000 r-xp 00000000 08:01 3933806    /usr/lib/i386-linux-gnu/libgnutls.so.26.21.8
69d3a000-69d3e000 r--p 000bf000 08:01 3933806    /usr/lib/i386-linux-gnu/libgnutls.so.26.21.8
69d3e000-69d3f000 rw-p 000c3000 08:01 3933806    /usr/lib/i386-linux-gnu/libgnutls.so.26.21.8
69d3f000-69d7a000 r-xp 00000000 08:01 3935332    /usr/lib/i386-linux-gnu/libgssapi_krb5.so.2.2
69d7a000-69d7b000 ---p 0003b000 08:01 3935332    /usr/lib/i386-linux-gnu/libgssapi_krb5.so.2.2
69d7b000-69d7c000 r--p 0003b000 08:01 3935332    /usr/lib/i386-linux-gnu/libgssapi_krb5.so.2.2
69d7c000-69d7d000 rw-p 0003c000 08:01 3935332    /usr/lib/i386-linux-gnu/libgssapi_krb5.so.2.2
69d7d000-69d9c000 r-xp 00000000 08:01 3935716    /usr/lib/i386-linux-gnu/libxcb.so.1.1.0
69d9c000-69d9d000 r--p 0001f000 08:01 3935716    /usr/lib/i386-linux-gnu/libxcb.so.1.1.0
69d9d000-69d9e000 rw-p 00020000 08:01 3935716    /usr/lib/i386-linux-gnu/libxcb.so.1.1.0
69d9e000-69deb000 r-xp 00000000 08:01 3933338    /usr/lib/i386-linux-gnu/libgobject-2.0.so.0.3200.4
69deb000-69dec000 r--p 0004c000 08:01 3933338    /usr/lib/i386-linux-gnu/libgobject-2.0.so.0.3200.4
69dec000-69ded000 rw-p 0004d000 08:01 3933338    /usr/lib/i386-linux-gnu/libgobject-2.0.so.0.3200.4
69ded000-69f40000 r-xp 00000000 08:01 3933774    /usr/lib/i386-linux-gnu/libgio-2.0.so.0.3200.4
69f40000-69f42000 r--p 00153000 08:01 3933774    /usr/lib/i386-linux-gnu/libgio-2.0.so.0.3200.4
69f42000-69f43000 rw-p 00155000 08:01 3933774    /usr/lib/i386-linux-gnu/libgio-2.0.so.0.3200.4
69f43000-69f44000 rw-p 00000000 00:00 0 
69f44000-69f76000 r-xp 00000000 08:01 3932725    /usr/lib/i386-linux-gnu/libfontconfig.so.1.4.4
69f76000-69f77000 r--p 00032000 08:01 3932725    /usr/lib/i386-linux-gnu/libfontconfig.so.1.4.4
69f77000-69f78000 rw-p 00033000 08:01 3932725    /usr/lib/i386-linux-gnu/libfontconfig.so.1.4.4
69f78000-69fc7000 r-xp 00000000 08:01 3948899    /usr/lib/i386-linux-gnu/libcups.so.2
69fc7000-69fca000 r--p 0004e000 08:01 3948899    /usr/lib/i386-linux-gnu/libcups.so.2
69fca000-69fcb000 rw-p 00051000 08:01 3948899    /usr/lib/i386-linux-gnu/libcups.so.2
69fcb000-69fda000 r-xp 00000000 08:01 3939595    /usr/lib/i386-linux-gnu/libXi.so.6.1.0
69fda000-69fdb000 r--p 0000e000 08:01 3939595    /usr/lib/i386-linux-gnu/libXi.so.6.1.0
69fdb000-69fdc000 rw-p 0000f000 08:01 3939595    /usr/lib/i386-linux-gnu/libXi.so.6.1.0
69fdc000-6a10c000 r-xp 00000000 08:01 3936337    /usr/lib/i386-linux-gnu/libX11.so.6.3.0
6a10c000-6a10d000 r--p 0012f000 08:01 3936337    /usr/lib/i386-linux-gnu/libX11.so.6.3.0
6a10d000-6a10f000 rw-p 00130000 08:01 3936337    /usr/lib/i386-linux-gnu/libX11.so.6.3.0
6a10f000-6a110000 rw-p 00000000 00:00 0 
6a110000-6a120000 r-xp 00000000 08:01 3939732    /usr/lib/i386-linux-gnu/libXext.so.6.4.0
6a120000-6a121000 r--p 0000f000 08:01 3939732    /usr/lib/i386-linux-gnu/libXext.so.6.4.0
6a121000-6a122000 rw-p 00010000 08:01 3939732    /usr/lib/i386-linux-gnu/libXext.so.6.4.0
6a122000-6a16b000 r-xp 00000000 08:01 10626106   /usr/lib/jvm/java-7-openjdk-i386/jre/lib/i386/xawt/libmawt.so
6a16b000-6a16c000 r--p 00048000 08:01 10626106   /usr/lib/jvm/java-7-openjdk-i386/jre/lib/i386/xawt/libmawt.so
6a16c000-6a16e000 rw-p 00049000 08:01 10626106   /usr/lib/jvm/java-7-openjdk-i386/jre/lib/i386/xawt/libmawt.so
6a16e000-6a16f000 rw-p 00000000 00:00 0 
6a16f000-6a200000 r-xp 00000000 08:01 8923721    /usr/lib/jvm/java-7-openjdk-i386/jre/lib/i386/libawt.so
6a200000-6a201000 r--p 00090000 08:01 8923721    /usr/lib/jvm/java-7-openjdk-i386/jre/lib/i386/libawt.so
6a201000-6a208000 rw-p 00091000 08:01 8923721    /usr/lib/jvm/java-7-openjdk-i386/jre/lib/i386/libawt.so
6a208000-6a22c000 rw-p 00000000 00:00 0 
6a22c000-6a22d000 ---p 00000000 00:00 0 
6a22d000-6a2ad000 rw-p 00000000 00:00 0 
6a2ad000-6a2b0000 ---p 00000000 00:00 0 
6a2b0000-6a2fe000 rw-p 00000000 00:00 0 
6a2fe000-6a301000 ---p 00000000 00:00 0 
6a301000-6a37f000 rw-p 00000000 00:00 0 
6a37f000-6a382000 ---p 00000000 00:00 0 
6a382000-6a400000 rw-p 00000000 00:00 0 
6a400000-6a600000 r--p 00000000 08:01 3938912    /usr/lib/locale/locale-archive
6a600000-6a6f9000 rw-p 00000000 00:00 0 
6a6f9000-6a700000 ---p 00000000 00:00 0 
6a700000-6a708000 r-xp 00000000 08:01 3939740    /usr/lib/i386-linux-gnu/libXrender.so.1.3.0
6a708000-6a709000 r--p 00007000 08:01 3939740    /usr/lib/i386-linux-gnu/libXrender.so.1.3.0
6a709000-6a70a000 rw-p 00008000 08:01 3939740    /usr/lib/i386-linux-gnu/libXrender.so.1.3.0
6a70a000-6a70d000 ---p 00000000 00:00 0 
6a70d000-6a75b000 rw-p 00000000 00:00 0 
6a75b000-6a75c000 ---p 00000000 00:00 0 
6a75c000-6a825000 rw-p 00000000 00:00 0 
6a825000-6a9d6000 r--s 01d25000 08:01 8659719    /usr/lib/jvm/java-7-openjdk-i386/jre/lib/rt.jar
6a9d6000-6d100000 rw-p 00000000 00:00 0 
6d100000-6d1fa000 rw-p 00000000 00:00 0 
6d1fa000-6d200000 ---p 00000000 00:00 0 
6d203000-6d206000 ---p 00000000 00:00 0 
6d206000-6d254000 rw-p 00000000 00:00 0 
6d254000-6d257000 ---p 00000000 00:00 0 
6d257000-6d300000 rw-p 00000000 00:00 0 
6d300000-6d326000 rw-p 00000000 00:00 0 
6d326000-6d400000 ---p 00000000 00:00 0 
6d400000-6d405000 r-xp 00000000 08:01 3939821    /usr/lib/i386-linux-gnu/libXtst.so.6.1.0
6d405000-6d406000 r--p 00004000 08:01 3939821    /usr/lib/i386-linux-gnu/libXtst.so.6.1.0
6d406000-6d407000 rw-p 00005000 08:01 3939821    /usr/lib/i386-linux-gnu/libXtst.so.6.1.0
6d409000-6d40e000 r-xp 00000000 08:01 3937317    /usr/lib/i386-linux-gnu/alsa-lib/libasound_module_pcm_pulse.so
6d40e000-6d40f000 r--p 00004000 08:01 3937317    /usr/lib/i386-linux-gnu/alsa-lib/libasound_module_pcm_pulse.so
6d40f000-6d410000 rw-p 00005000 08:01 3937317    /usr/lib/i386-linux-gnu/alsa-lib/libasound_module_pcm_pulse.so
6d410000-6d411000 r-xp 00000000 08:01 8923696    /usr/lib/jvm/java-7-openjdk-i386/jre/lib/i386/libjsound.so
6d411000-6d412000 r--p 00000000 08:01 8923696    /usr/lib/jvm/java-7-openjdk-i386/jre/lib/i386/libjsound.so
6d412000-6d413000 rw-p 00001000 08:01 8923696    /usr/lib/jvm/java-7-openjdk-i386/jre/lib/i386/libjsound.so
6d413000-6d417000 r-xp 00000000 08:01 3932495    /usr/lib/i386-linux-gnu/libXfixes.so.3.1.0
6d417000-6d418000 r--p 00004000 08:01 3932495    /usr/lib/i386-linux-gnu/libXfixes.so.3.1.0
6d418000-6d419000 rw-p 00005000 08:01 3932495    /usr/lib/i386-linux-gnu/libXfixes.so.3.1.0
6d419000-6d422000 r--s 000b9000 08:01 8659726    /usr/lib/jvm/java-7-openjdk-i386/jre/lib/resources.jar
6d422000-6d424000 r--s 0000b000 08:01 28836491   /home/melkonyan/NetBeansProjects/Project14/lib/JavaMediaPlayer.jar
6d424000-6d426000 r--s 00002000 08:01 28836796   /home/melkonyan/NetBeansProjects/Project14/lib/BasicPlayer3.0/lib/vorbisspi1.0.2.jar
6d426000-6d429000 r--s 00017000 08:01 28836795   /home/melkonyan/NetBeansProjects/Project14/lib/BasicPlayer3.0/lib/tritonus_share.jar
6d429000-6d42a000 r--s 00005000 08:01 28836794   /home/melkonyan/NetBeansProjects/Project14/lib/BasicPlayer3.0/lib/mp3spi1.9.4.jar
6d42a000-6d42c000 r--s 00017000 08:01 28836793   /home/melkonyan/NetBeansProjects/Project14/lib/BasicPlayer3.0/lib/jspeex0.9.7.jar
6d42c000-6d447000 rw-p 00000000 00:00 0 
6d447000-6d448000 ---p 00000000 00:00 0 
6d448000-6d4c8000 rw-p 00000000 00:00 0 
6d4c8000-6d4c9000 ---p 00000000 00:00 0 
6d4c9000-6d551000 rw-p 00000000 00:00 0 
6d551000-6d589000 rw-p 00000000 00:00 0 
6d589000-6d59e000 rw-p 00000000 00:00 0 
6d59e000-6d6d2000 rw-p 00000000 00:00 0 
6d6d2000-6d6da000 rw-p 00000000 00:00 0 
6d6da000-6d712000 rw-p 00000000 00:00 0 
6d712000-6d727000 rw-p 00000000 00:00 0 
6d727000-6d85a000 rw-p 00000000 00:00 0 
6d85a000-6d865000 rw-p 00000000 00:00 0 
6d865000-6d8ff000 rw-p 00000000 00:00 0 
6d8ff000-6e900000 rw-p 00000000 00:00 0 
6e900000-75900000 rw-p 00000000 00:00 0 
75900000-78200000 rw-p 00000000 00:00 0 
78200000-9ea40000 rw-p 00000000 00:00 0 
9ea40000-9fec0000 rw-p 00000000 00:00 0 
9fec0000-b3300000 rw-p 00000000 00:00 0 
b3301000-b3303000 r--s 0000d000 08:01 28836792   /home/melkonyan/NetBeansProjects/Project14/lib/BasicPlayer3.0/lib/jorbis-0.0.15.jar
b3303000-b3304000 r--s 00001000 08:01 28836791   /home/melkonyan/NetBeansProjects/Project14/lib/BasicPlayer3.0/lib/jogg-0.0.7.jar
b3304000-b3307000 r--s 00017000 08:01 28836790   /home/melkonyan/NetBeansProjects/Project14/lib/BasicPlayer3.0/lib/jl1.0.jar
b3307000-b330d000 r--s 00032000 08:01 28836472   /home/melkonyan/NetBeansProjects/Project14/lib/lanterna-2.1.7.jar
b330d000-b3316000 rw-p 00000000 00:00 0 
b3316000-b33cd000 rw-p 00000000 00:00 0 
b33cd000-b360d000 rwxp 00000000 00:00 0 
b360d000-b63cd000 rw-p 00000000 00:00 0 
b63cd000-b63d8000 r-xp 00000000 08:01 9704455    /lib/i386-linux-gnu/libnss_files-2.15.so
b63d8000-b63d9000 r--p 0000a000 08:01 9704455    /lib/i386-linux-gnu/libnss_files-2.15.so
b63d9000-b63da000 rw-p 0000b000 08:01 9704455    /lib/i386-linux-gnu/libnss_files-2.15.so
b63da000-b63e4000 r-xp 00000000 08:01 9706415    /lib/i386-linux-gnu/libnss_nis-2.15.so
b63e4000-b63e5000 r--p 00009000 08:01 9706415    /lib/i386-linux-gnu/libnss_nis-2.15.so
b63e5000-b63e6000 rw-p 0000a000 08:01 9706415    /lib/i386-linux-gnu/libnss_nis-2.15.so
b63e6000-b63fc000 r-xp 00000000 08:01 9706380    /lib/i386-linux-gnu/libnsl-2.15.so
b63fc000-b63fd000 r--p 00015000 08:01 9706380    /lib/i386-linux-gnu/libnsl-2.15.so
b63fd000-b63fe000 rw-p 00016000 08:01 9706380    /lib/i386-linux-gnu/libnsl-2.15.so
b63fe000-b6400000 rw-p 00000000 00:00 0 
b6400000-b64fd000 rw-p 00000000 00:00 0 
b64fd000-b6500000 ---p 00000000 00:00 0 
b6501000-b6505000 r--s 00034000 08:01 8790009    /usr/lib/jvm/java-7-openjdk-i386/jre/lib/ext/sunjce_provider.jar
b6505000-b650c000 r-xp 00000000 08:01 9706373    /lib/i386-linux-gnu/libnss_compat-2.15.so
b650c000-b650d000 r--p 00006000 08:01 9706373    /lib/i386-linux-gnu/libnss_compat-2.15.so
b650d000-b650e000 rw-p 00007000 08:01 9706373    /lib/i386-linux-gnu/libnss_compat-2.15.so
b650e000-b6510000 r--s 00005000 08:01 28836789   /home/melkonyan/NetBeansProjects/Project14/lib/BasicPlayer3.0/lib/commons-logging-api.jar
b6510000-b6512000 r--s 00012000 08:01 8790130    /usr/lib/jvm/java-7-openjdk-i386/jre/lib/ext/zipfs.jar
b6512000-b6515000 r--s 0000f000 08:01 8790011    /usr/lib/jvm/java-7-openjdk-i386/jre/lib/ext/icedtea-sound.jar
b6515000-b6516000 r--s 00002000 08:01 8790003    /usr/lib/jvm/java-7-openjdk-i386/jre/lib/ext/dnsns.jar
b6516000-b6517000 r--s 00007000 08:01 4326130    /usr/share/java/java-atk-wrapper.jar
b6517000-b651b000 r--s 0003c000 08:01 8790013    /usr/lib/jvm/java-7-openjdk-i386/jre/lib/ext/sunpkcs11.jar
b651b000-b651f000 r--s 00085000 08:01 8790128    /usr/lib/jvm/java-7-openjdk-i386/jre/lib/ext/localedata.jar
b651f000-b6527000 r-xp 00000000 08:01 8923700    /usr/lib/jvm/java-7-openjdk-i386/jre/lib/i386/libzip.so
b6527000-b6528000 r--p 00007000 08:01 8923700    /usr/lib/jvm/java-7-openjdk-i386/jre/lib/i386/libzip.so
b6528000-b6529000 rw-p 00008000 08:01 8923700    /usr/lib/jvm/java-7-openjdk-i386/jre/lib/i386/libzip.so
b6529000-b6550000 r-xp 00000000 08:01 8923685    /usr/lib/jvm/java-7-openjdk-i386/jre/lib/i386/libjava.so
b6550000-b6551000 r--p 00026000 08:01 8923685    /usr/lib/jvm/java-7-openjdk-i386/jre/lib/i386/libjava.so
b6551000-b6552000 rw-p 00027000 08:01 8923685    /usr/lib/jvm/java-7-openjdk-i386/jre/lib/i386/libjava.so
b6552000-b6559000 r-xp 00000000 08:01 9706386    /lib/i386-linux-gnu/librt-2.15.so
b6559000-b655a000 r--p 00006000 08:01 9706386    /lib/i386-linux-gnu/librt-2.15.so
b655a000-b655b000 rw-p 00007000 08:01 9706386    /lib/i386-linux-gnu/librt-2.15.so
b655b000-b655e000 ---p 00000000 00:00 0 
b655e000-b65ac000 rw-p 00000000 00:00 0 
b65ac000-b65c8000 r-xp 00000000 08:01 9704743    /lib/i386-linux-gnu/libgcc_s.so.1
b65c8000-b65c9000 r--p 0001b000 08:01 9704743    /lib/i386-linux-gnu/libgcc_s.so.1
b65c9000-b65ca000 rw-p 0001c000 08:01 9704743    /lib/i386-linux-gnu/libgcc_s.so.1
b65ca000-b65f4000 r-xp 00000000 08:01 9706376    /lib/i386-linux-gnu/libm-2.15.so
b65f4000-b65f5000 r--p 00029000 08:01 9706376    /lib/i386-linux-gnu/libm-2.15.so
b65f5000-b65f6000 rw-p 0002a000 08:01 9706376    /lib/i386-linux-gnu/libm-2.15.so
b65f6000-b66de000 r-xp 00000000 08:01 3937757    /usr/lib/i386-linux-gnu/libstdc++.so.6.0.20
b66de000-b66e2000 r--p 000e8000 08:01 3937757    /usr/lib/i386-linux-gnu/libstdc++.so.6.0.20
b66e2000-b66e3000 rw-p 000ec000 08:01 3937757    /usr/lib/i386-linux-gnu/libstdc++.so.6.0.20
b66e3000-b66ea000 rw-p 00000000 00:00 0 
b66ea000-b70ab000 r-xp 00000000 08:01 9442645    /usr/lib/jvm/java-7-openjdk-i386/jre/lib/i386/server/libjvm.so
b70ab000-b7100000 r--p 009c1000 08:01 9442645    /usr/lib/jvm/java-7-openjdk-i386/jre/lib/i386/server/libjvm.so
b7100000-b7114000 rw-p 00a16000 08:01 9442645    /usr/lib/jvm/java-7-openjdk-i386/jre/lib/i386/server/libjvm.so
b7114000-b7532000 rw-p 00000000 00:00 0 
b7532000-b7546000 r-xp 00000000 08:01 9700366    /lib/i386-linux-gnu/libz.so.1.2.3.4
b7546000-b7547000 r--p 00013000 08:01 9700366    /lib/i386-linux-gnu/libz.so.1.2.3.4
b7547000-b7548000 rw-p 00014000 08:01 9700366    /lib/i386-linux-gnu/libz.so.1.2.3.4
b7548000-b755f000 r-xp 00000000 08:01 9706384    /lib/i386-linux-gnu/libpthread-2.15.so
b755f000-b7560000 r--p 00016000 08:01 9706384    /lib/i386-linux-gnu/libpthread-2.15.so
b7560000-b7561000 rw-p 00017000 08:01 9706384    /lib/i386-linux-gnu/libpthread-2.15.so
b7561000-b7563000 rw-p 00000000 00:00 0 
b7563000-b7566000 r-xp 00000000 08:01 9706369    /lib/i386-linux-gnu/libdl-2.15.so
b7566000-b7567000 r--p 00002000 08:01 9706369    /lib/i386-linux-gnu/libdl-2.15.so
b7567000-b7568000 rw-p 00003000 08:01 9706369    /lib/i386-linux-gnu/libdl-2.15.so
b7568000-b770c000 r-xp 00000000 08:01 9706390    /lib/i386-linux-gnu/libc-2.15.so
b770c000-b770e000 r--p 001a4000 08:01 9706390    /lib/i386-linux-gnu/libc-2.15.so
b770e000-b770f000 rw-p 001a6000 08:01 9706390    /lib/i386-linux-gnu/libc-2.15.so
b770f000-b7712000 rw-p 00000000 00:00 0 
b7712000-b7713000 r--s 00002000 08:01 28836640   /home/melkonyan/NetBeansProjects/Project14/lib/BasicPlayer3.0/basicplayer3.0.jar
b7713000-b7714000 r--p 005e0000 08:01 3938912    /usr/lib/locale/locale-archive
b7714000-b7715000 r--p 005d8000 08:01 3938912    /usr/lib/locale/locale-archive
b7715000-b771d000 rw-s 00000000 08:01 28573761   /tmp/hsperfdata_melkonyan/26396
b771d000-b771e000 rw-p 00000000 00:00 0 
b771e000-b771f000 r--p 00000000 00:00 0 
b771f000-b772b000 r-xp 00000000 08:01 8923694    /usr/lib/jvm/java-7-openjdk-i386/jre/lib/i386/libverify.so
b772b000-b772c000 r--p 0000b000 08:01 8923694    /usr/lib/jvm/java-7-openjdk-i386/jre/lib/i386/libverify.so
b772c000-b772d000 rw-p 0000c000 08:01 8923694    /usr/lib/jvm/java-7-openjdk-i386/jre/lib/i386/libverify.so
b772d000-b773a000 r-xp 00000000 08:01 9312392    /usr/lib/jvm/java-7-openjdk-i386/jre/lib/i386/jli/libjli.so
b773a000-b773b000 r--p 0000c000 08:01 9312392    /usr/lib/jvm/java-7-openjdk-i386/jre/lib/i386/jli/libjli.so
b773b000-b773c000 rw-p 0000d000 08:01 9312392    /usr/lib/jvm/java-7-openjdk-i386/jre/lib/i386/jli/libjli.so
b773c000-b773f000 rw-p 00000000 00:00 0 
b773f000-b7740000 r-xp 00000000 00:00 0          [vdso]
b7740000-b7760000 r-xp 00000000 08:01 9703660    /lib/i386-linux-gnu/ld-2.15.so
b7760000-b7761000 r--p 0001f000 08:01 9703660    /lib/i386-linux-gnu/ld-2.15.so
b7761000-b7762000 rw-p 00020000 08:01 9703660    /lib/i386-linux-gnu/ld-2.15.so
bf897000-bf898000 rwxp 00000000 00:00 0 
bf8ca000-bf8eb000 rw-p 00000000 00:00 0          [stack]

VM Arguments:
jvm_args: -Dfile.encoding=UTF-8 
java_command: labyrinth.Game
Launcher Type: SUN_STANDARD

Environment Variables:
PATH=/home/melkonyan/bin:/usr/lib/lightdm/lightdm:/usr/local/sbin:/usr/local/bin:/usr/sbin:/usr/bin:/sbin:/bin:/usr/games
LD_LIBRARY_PATH=/usr/lib/jvm/java-7-openjdk-i386/jre/lib/amd64:/usr/lib/jvm/java-7-openjdk-i386/jre/lib/i386:
SHELL=/bin/bash
DISPLAY=:0

Signal Handlers:
SIGSEGV: [libjvm.so+0x80a100], sa_mask[0]=0x7ffbfeff, sa_flags=0x10000004
SIGBUS: [libjvm.so+0x80a100], sa_mask[0]=0x7ffbfeff, sa_flags=0x10000004
SIGFPE: [libjvm.so+0x675010], sa_mask[0]=0x7ffbfeff, sa_flags=0x10000004
SIGPIPE: [libjvm.so+0x675010], sa_mask[0]=0x7ffbfeff, sa_flags=0x10000004
SIGXFSZ: [libjvm.so+0x675010], sa_mask[0]=0x7ffbfeff, sa_flags=0x10000004
SIGILL: [libjvm.so+0x675010], sa_mask[0]=0x7ffbfeff, sa_flags=0x10000004
SIGUSR1: SIG_DFL, sa_mask[0]=0x00000000, sa_flags=0x00000000
SIGUSR2: [libjvm.so+0x6752c0], sa_mask[0]=0x00000004, sa_flags=0x10000004
SIGHUP: [libjvm.so+0x675480], sa_mask[0]=0x7ffbfeff, sa_flags=0x10000004
SIGINT: SIG_IGN, sa_mask[0]=0x00000000, sa_flags=0x00000000
SIGTERM: [libjvm.so+0x675480], sa_mask[0]=0x7ffbfeff, sa_flags=0x10000004
SIGQUIT: [libjvm.so+0x675480], sa_mask[0]=0x7ffbfeff, sa_flags=0x10000004
SIGTRAP: SIG_DFL, sa_mask[0]=0x00000000, sa_flags=0x00000000


---------------  S Y S T E M  ---------------

OS:Ubuntu 12.04 (precise)
uname:Linux 3.2.0-74-generic-pae #109-Ubuntu SMP Tue Dec 9 17:00:00 UTC 2014 i686
libc:glibc 2.15 NPTL 2.15 
rlimit: STACK 8192k, CORE 0k, NPROC 31396, NOFILE 4096, AS infinity
load average:0.79 0.58 0.79

/proc/meminfo:
MemTotal:        4033316 kB
MemFree:          251108 kB
Buffers:          310360 kB
Cached:          1513476 kB
SwapCached:          284 kB
Active:          2377108 kB
Inactive:        1202828 kB
Active(anon):    1639288 kB
Inactive(anon):   441452 kB
Active(file):     737820 kB
Inactive(file):   761376 kB
Unevictable:         112 kB
Mlocked:             112 kB
HighTotal:       3193380 kB
HighFree:          39672 kB
LowTotal:         839936 kB
LowFree:          211436 kB
SwapTotal:       4104188 kB
SwapFree:        4047864 kB
Dirty:               260 kB
Writeback:             0 kB
AnonPages:       1756068 kB
Mapped:           218148 kB
Shmem:            324640 kB
Slab:             146096 kB
SReclaimable:     120244 kB
SUnreclaim:        25852 kB
KernelStack:        5200 kB
PageTables:        21424 kB
NFS_Unstable:          0 kB
Bounce:                0 kB
WritebackTmp:          0 kB
CommitLimit:     6120844 kB
Committed_AS:    7442912 kB
VmallocTotal:     122880 kB
VmallocUsed:       20900 kB
VmallocChunk:      70580 kB
HardwareCorrupted:     0 kB
AnonHugePages:         0 kB
HugePages_Total:       0
HugePages_Free:        0
HugePages_Rsvd:        0
HugePages_Surp:        0
Hugepagesize:       2048 kB
DirectMap4k:       10232 kB
DirectMap2M:      903168 kB


CPU:total 2 (2 cores per cpu, 1 threads per core) family 6 model 42 stepping 7, cmov, cx8, fxsr, mmx, sse, sse2, sse3, ssse3, sse4.1, sse4.2, popcnt, tsc, tscinvbit

/proc/cpuinfo:
processor	: 0
vendor_id	: GenuineIntel
cpu family	: 6
model		: 42
model name	: Intel(R) Pentium(R) CPU B950 @ 2.10GHz
stepping	: 7
microcode	: 0x1b
cpu MHz		: 2100.000
cache size	: 2048 KB
physical id	: 0
siblings	: 2
core id		: 0
cpu cores	: 2
apicid		: 0
initial apicid	: 0
fdiv_bug	: no
hlt_bug		: no
f00f_bug	: no
coma_bug	: no
fpu		: yes
fpu_exception	: yes
cpuid level	: 13
wp		: yes
flags		: fpu vme de pse tsc msr pae mce cx8 apic sep mtrr pge mca cmov pat pse36 clflush dts acpi mmx fxsr sse sse2 ss ht tm pbe nx rdtscp lm constant_tsc arch_perfmon pebs bts xtopology nonstop_tsc aperfmperf pni pclmulqdq dtes64 monitor ds_cpl est tm2 ssse3 cx16 xtpr pdcm pcid sse4_1 sse4_2 x2apic popcnt tsc_deadline_timer xsave lahf_lm arat epb xsaveopt pln pts dtherm
bogomips	: 4190.40
clflush size	: 64
cache_alignment	: 64
address sizes	: 36 bits physical, 48 bits virtual
power management:

processor	: 1
vendor_id	: GenuineIntel
cpu family	: 6
model		: 42
model name	: Intel(R) Pentium(R) CPU B950 @ 2.10GHz
stepping	: 7
microcode	: 0x1b
cpu MHz		: 2100.000
cache size	: 2048 KB
physical id	: 0
siblings	: 2
core id		: 1
cpu cores	: 2
apicid		: 2
initial apicid	: 2
fdiv_bug	: no
hlt_bug		: no
f00f_bug	: no
coma_bug	: no
fpu		: yes
fpu_exception	: yes
cpuid level	: 13
wp		: yes
flags		: fpu vme de pse tsc msr pae mce cx8 apic sep mtrr pge mca cmov pat pse36 clflush dts acpi mmx fxsr sse sse2 ss ht tm pbe nx rdtscp lm constant_tsc arch_perfmon pebs bts xtopology nonstop_tsc aperfmperf pni pclmulqdq dtes64 monitor ds_cpl est tm2 ssse3 cx16 xtpr pdcm pcid sse4_1 sse4_2 x2apic popcnt tsc_deadline_timer xsave lahf_lm arat epb xsaveopt pln pts dtherm
bogomips	: 4190.29
clflush size	: 64
cache_alignment	: 64
address sizes	: 36 bits physical, 48 bits virtual
power management:



Memory: 4k page, physical 4033316k(251108k free), swap 4104188k(4047864k free)

vm_info: OpenJDK Server VM (24.65-b04) for linux-x86 JRE (1.7.0_65-b32), built on Oct 22 2014 05:09:39 by "buildd" with gcc 4.6.3

time: Sat Jan 17 22:29:20 2015
elapsed time: 8 seconds

